<?xml version="1.0" encoding="UTF-8"?>
<!-- Generated by org.testng.reporters.JUnitXMLReporter -->
<testsuite ignored="2" hostname="DESKTOP-G2TL22O" failures="0" tests="1" name="Default test" time="14.662" errors="0" timestamp="2022-12-08T15:10:11 IST">
  <testcase classname="testScripts.TestScript1" name="editPatientData" time="10.413"/>
  <testcase classname="testScripts.TestScript1" name="sorting" time="0.0">
    <ignored/>
  </testcase> <!-- sorting -->
  <testcase classname="testScripts.TestScript1" name="loginAndPatientPageTest" time="0.0">
    <ignored/>
  </testcase> <!-- loginAndPatientPageTest -->
</testsuite> <!-- Default test -->
