<?xml version="1.0" encoding="UTF-8"?>
<testng-results ignored="2" total="3" passed="1" failed="0" skipped="0">
  <reporter-output>
  </reporter-output>
  <suite started-at="2022-12-08T15:09:56 IST" name="Default suite" finished-at="2022-12-08T15:10:11 IST" duration-ms="14662">
    <groups>
    </groups>
    <test started-at="2022-12-08T15:09:56 IST" name="Default test" finished-at="2022-12-08T15:10:11 IST" duration-ms="14662">
      <class name="testScripts.TestScript1">
        <test-method is-config="true" signature="launchApplicatio()[pri:0, instance:testScripts.TestScript1@49049a04]" started-at="2022-12-08T15:09:56 IST" name="launchApplicatio" finished-at="2022-12-08T15:10:00 IST" duration-ms="3985" status="PASS">
          <reporter-output>
          </reporter-output>
        </test-method> <!-- launchApplicatio -->
        <test-method signature="editPatientData()[pri:0, instance:testScripts.TestScript1@49049a04]" started-at="2022-12-08T15:10:00 IST" name="editPatientData" finished-at="2022-12-08T15:10:11 IST" duration-ms="10413" status="PASS">
          <reporter-output>
          </reporter-output>
        </test-method> <!-- editPatientData -->
        <test-method is-config="true" signature="tearDown()[pri:0, instance:testScripts.TestScript1@49049a04]" started-at="2022-12-08T15:10:11 IST" name="tearDown" finished-at="2022-12-08T15:10:11 IST" duration-ms="234" status="PASS">
          <reporter-output>
          </reporter-output>
        </test-method> <!-- tearDown -->
      </class> <!-- testScripts.TestScript1 -->
    </test> <!-- Default test -->
  </suite> <!-- Default suite -->
</testng-results>
